<?xml version="1.0" encoding="UTF-8"?>
<testsuite name="ru.netology.PostmanEchoTest" tests="1" skipped="0" failures="0" errors="0" timestamp="2025-01-18T13:04:07" hostname="MYPC" time="2.184">
  <properties/>
  <testcase name="shouldReturnSentData()" classname="ru.netology.PostmanEchoTest" time="2.184"/>
  <system-out><![CDATA[]]></system-out>
  <system-err><![CDATA[]]></system-err>
</testsuite>
